<?xml version="1.0" encoding="UTF-8"?>
<testsuites><testsuite name="tests/files/indentation_tabs.txt" tests="3"><testcase name="tests/files/indentation_tabs.txt" classname="Line: 3"/><testcase name="tests/files/indentation_tabs.txt" classname="Line: 8"/><testcase name="tests/files/indentation_tabs.txt" classname="Line: 9"/></testsuite><testsuite name="tests/files/indentation_spaces.txt" tests="4"><testcase name="tests/files/indentation_spaces.txt" classname="Line: 3"/><testcase name="tests/files/indentation_spaces.txt" classname="Line: 8"/><testcase name="tests/files/indentation_spaces.txt" classname="Line: 9"/><testcase name="tests/files/indentation_spaces.txt" classname="Line: 10"/></testsuite></testsuites>